2020-11-03T00:37:09+00:00 INFO queue: Process started for 1 items.
2020-11-03T00:37:11+00:00 INFO queue: Process completed.
2020-11-03T00:46:36+00:00 INFO queue: Process started for 1 items.
2020-11-03T00:46:38+00:00 INFO queue: Process completed.
2020-11-03T01:38:52+00:00 INFO abandoned_carts: Process started for 1 items.
2020-11-03T01:38:53+00:00 INFO abandoned_carts: Process completed.
2020-11-03T02:39:00+00:00 INFO events: Process started for 2 items.
2020-11-03T02:39:00+00:00 INFO events: Process completed.
2020-11-03T04:11:11+00:00 INFO queue: Process started for 1 items.
2020-11-03T04:11:14+00:00 INFO queue: Process completed.
2020-11-03T04:49:50+00:00 INFO queue: Process started for 1 items.
2020-11-03T04:49:52+00:00 INFO queue: Process completed.
2020-11-03T06:18:44+00:00 INFO queue: Process started for 1 items.
2020-11-03T06:18:45+00:00 INFO queue: Process completed.
2020-11-03T10:29:06+00:00 INFO events: Process started for 2 items.
2020-11-03T10:29:10+00:00 INFO events: Process completed.
2020-11-03T12:16:49+00:00 INFO queue: Process started for 1 items.
2020-11-03T12:16:55+00:00 INFO queue: Process completed.
2020-11-03T12:52:19+00:00 INFO events: Process started for 2 items.
2020-11-03T12:52:22+00:00 INFO events: Process completed.
2020-11-03T14:03:57+00:00 INFO queue: Process started for 1 items.
2020-11-03T14:04:03+00:00 INFO queue: Process completed.
2020-11-03T15:05:36+00:00 INFO events: Process started for 2 items.
2020-11-03T15:05:37+00:00 INFO queue: Process started for 1 items.
2020-11-03T15:05:40+00:00 INFO events: Process completed.
2020-11-03T15:05:43+00:00 INFO queue: Process completed.
2020-11-03T15:48:05+00:00 INFO queue: Process started for 1 items.
2020-11-03T15:48:11+00:00 INFO queue: Process completed.
2020-11-03T16:33:37+00:00 INFO queue: Process started for 1 items.
2020-11-03T16:33:39+00:00 INFO queue: Process completed.
2020-11-03T18:41:04+00:00 INFO queue: Process started for 1 items.
2020-11-03T18:41:06+00:00 INFO queue: Process completed.
2020-11-03T18:59:49+00:00 INFO events: Process started for 2 items.
2020-11-03T18:59:49+00:00 INFO events: Process completed.
2020-11-03T18:59:50+00:00 INFO queue: Process started for 1 items.
2020-11-03T18:59:51+00:00 INFO queue: Process completed.
2020-11-03T19:30:23+00:00 INFO queue: Process started for 2 items.
2020-11-03T19:30:26+00:00 INFO queue: Process completed.
2020-11-03T20:03:07+00:00 INFO events: Process started for 1 items.
2020-11-03T20:03:09+00:00 INFO events: Process completed.
2020-11-03T20:03:11+00:00 INFO workflows: Process started for 50 items.
2020-11-03T20:03:11+00:00 INFO workflows: Process started for 50 items.
2020-11-03T20:03:14+00:00 INFO workflows: Process started for 50 items.
2020-11-03T20:03:15+00:00 INFO workflows: Process started for 50 items.
2020-11-03T20:03:16+00:00 INFO workflows: Process started for 50 items.
2020-11-03T20:03:17+00:00 INFO workflows: Process started for 50 items.
2020-11-03T20:03:18+00:00 INFO workflows: Process started for 50 items.
2020-11-03T20:03:19+00:00 INFO workflows: Process started for 50 items.
2020-11-03T20:03:20+00:00 INFO workflows: Process started for 50 items.
2020-11-03T20:03:21+00:00 INFO workflows: Process started for 50 items.
2020-11-03T20:03:22+00:00 INFO workflows: Process started for 50 items.
2020-11-03T20:03:23+00:00 INFO workflows: Process started for 50 items.
2020-11-03T20:03:24+00:00 INFO workflows: Process started for 50 items.
2020-11-03T20:03:25+00:00 INFO workflows: Process started for 50 items.
2020-11-03T20:03:26+00:00 INFO workflows: Process started for 50 items.
2020-11-03T20:03:27+00:00 INFO workflows: Process started for 50 items.
2020-11-03T20:03:28+00:00 INFO workflows: Process started for 50 items.
2020-11-03T20:03:29+00:00 INFO workflows: Process started for 50 items.
2020-11-03T20:03:30+00:00 INFO workflows: Process started for 50 items.
2020-11-03T20:03:31+00:00 INFO workflows: Process started for 50 items.
2020-11-03T20:03:31+00:00 INFO workflows: Process started for 50 items.
2020-11-03T20:03:33+00:00 INFO workflows: Process started for 50 items.
2020-11-03T20:03:33+00:00 INFO workflows: Process started for 50 items.
2020-11-03T20:03:34+00:00 INFO workflows: Process started for 50 items.
2020-11-03T20:03:36+00:00 INFO workflows: Process started for 50 items.
2020-11-03T20:03:37+00:00 INFO workflows: Process started for 50 items.
2020-11-03T20:03:38+00:00 INFO workflows: Process started for 50 items.
2020-11-03T20:03:39+00:00 INFO workflows: Process started for 50 items.
2020-11-03T20:03:40+00:00 INFO workflows: Process started for 50 items.
2020-11-03T20:03:40+00:00 INFO workflows: Process started for 50 items.
2020-11-03T20:03:41+00:00 INFO workflows: Process started for 50 items.
2020-11-03T20:03:42+00:00 INFO workflows: Process started for 50 items.
2020-11-03T20:03:43+00:00 INFO workflows: Process started for 50 items.
2020-11-03T20:03:45+00:00 INFO workflows: Process started for 50 items.
2020-11-03T20:03:46+00:00 INFO workflows: Process started for 50 items.
2020-11-03T20:03:47+00:00 INFO workflows: Process started for 50 items.
2020-11-03T20:03:48+00:00 INFO workflows: Process started for 50 items.
2020-11-03T20:03:49+00:00 INFO workflows: Process started for 50 items.
2020-11-03T20:03:50+00:00 INFO workflows: Process started for 50 items.
2020-11-03T20:03:51+00:00 INFO workflows: Process started for 50 items.
2020-11-03T20:03:52+00:00 INFO workflows: Process started for 50 items.
2020-11-03T20:03:53+00:00 INFO workflows: Process started for 50 items.
2020-11-03T20:03:54+00:00 INFO workflows: Process started for 50 items.
2020-11-03T20:03:55+00:00 INFO workflows: Process started for 50 items.
2020-11-03T20:03:56+00:00 INFO workflows: Process started for 50 items.
2020-11-03T20:03:58+00:00 INFO workflows: Process started for 50 items.
2020-11-03T20:03:59+00:00 INFO workflows: Process started for 50 items.
2020-11-03T20:04:00+00:00 INFO workflows: Process started for 50 items.
2020-11-03T20:04:01+00:00 INFO workflows: Process started for 50 items.
2020-11-03T20:04:02+00:00 INFO workflows: Process started for 50 items.
2020-11-03T20:04:03+00:00 INFO workflows: Process started for 50 items.
2020-11-03T20:04:04+00:00 INFO workflows: Process started for 50 items.
2020-11-03T20:04:05+00:00 INFO workflows: Process started for 50 items.
2020-11-03T20:04:06+00:00 INFO workflows: Process started for 50 items.
2020-11-03T20:04:08+00:00 INFO workflows: Process started for 50 items.
2020-11-03T20:04:09+00:00 INFO workflows: Process started for 50 items.
2020-11-03T20:04:10+00:00 INFO workflows: Process started for 50 items.
2020-11-03T20:04:11+00:00 INFO workflows: Process started for 50 items.
2020-11-03T20:04:12+00:00 INFO workflows: Process started for 50 items.
2020-11-03T20:04:13+00:00 INFO workflows: Process started for 50 items.
2020-11-03T20:04:14+00:00 INFO workflows: Process started for 50 items.
2020-11-03T20:04:16+00:00 INFO workflows: Process started for 50 items.
2020-11-03T20:04:17+00:00 INFO workflows: Process started for 50 items.
2020-11-03T20:04:18+00:00 INFO workflows: Process started for 50 items.
2020-11-03T20:09:30+00:00 INFO workflows: Process completed.
2020-11-03T20:13:04+00:00 INFO queue: Process started for 1 items.
2020-11-03T20:13:07+00:00 INFO queue: Process completed.
2020-11-03T20:24:07+00:00 INFO queue: Process started for 2 items.
2020-11-03T20:24:10+00:00 INFO queue: Process completed.
2020-11-03T20:47:31+00:00 INFO queue: Process started for 1 items.
2020-11-03T20:47:33+00:00 INFO queue: Process completed.
2020-11-03T22:28:06+00:00 INFO queue: Process started for 1 items.
2020-11-03T22:28:09+00:00 INFO queue: Process completed.
2020-11-03T22:52:28+00:00 INFO queue: Process started for 1 items.
2020-11-03T22:52:30+00:00 INFO queue: Process completed.
2020-11-03T23:19:25+00:00 INFO events: Process started for 2 items.
2020-11-03T23:19:26+00:00 INFO events: Process completed.
2020-11-03T23:19:26+00:00 INFO queue: Process started for 2 items.
2020-11-03T23:19:29+00:00 INFO queue: Process completed.
