2020-10-27T22:01:10+00:00 INFO events: Process started for 1 items.
2020-10-27T22:01:11+00:00 INFO queue: Process started for 14 items.
2020-10-27T22:01:13+00:00 INFO events: Process completed.
2020-10-27T22:01:15+00:00 INFO workflows: Process started for 50 items.
2020-10-27T22:01:16+00:00 INFO workflows: Process started for 50 items.
2020-10-27T22:01:17+00:00 INFO workflows: Process started for 50 items.
2020-10-27T22:01:18+00:00 INFO workflows: Process started for 50 items.
2020-10-27T22:01:19+00:00 INFO workflows: Process started for 50 items.
2020-10-27T22:01:20+00:00 INFO workflows: Process started for 50 items.
2020-10-27T22:01:21+00:00 INFO workflows: Process started for 50 items.
2020-10-27T22:01:22+00:00 INFO workflows: Process started for 50 items.
2020-10-27T22:01:23+00:00 INFO workflows: Process started for 50 items.
2020-10-27T22:01:24+00:00 INFO workflows: Process started for 50 items.
2020-10-27T22:01:25+00:00 INFO workflows: Process started for 50 items.
2020-10-27T22:01:26+00:00 INFO workflows: Process started for 50 items.
2020-10-27T22:01:27+00:00 INFO workflows: Process started for 50 items.
2020-10-27T22:01:29+00:00 INFO workflows: Process started for 50 items.
2020-10-27T22:01:31+00:00 INFO workflows: Process started for 50 items.
2020-10-27T22:01:31+00:00 INFO workflows: Process started for 50 items.
2020-10-27T22:01:31+00:00 INFO workflows: Process started for 50 items.
2020-10-27T22:01:31+00:00 INFO workflows: Process started for 50 items.
2020-10-27T22:01:31+00:00 INFO workflows: Process started for 50 items.
2020-10-27T22:01:33+00:00 INFO workflows: Process started for 50 items.
2020-10-27T22:01:33+00:00 INFO workflows: Process started for 50 items.
2020-10-27T22:01:34+00:00 INFO workflows: Process started for 50 items.
2020-10-27T22:01:34+00:00 INFO workflows: Process started for 50 items.
2020-10-27T22:01:34+00:00 INFO workflows: Process started for 50 items.
2020-10-27T22:01:34+00:00 INFO workflows: Process started for 50 items.
2020-10-27T22:01:35+00:00 INFO workflows: Process started for 50 items.
2020-10-27T22:01:35+00:00 INFO workflows: Process started for 50 items.
2020-10-27T22:01:35+00:00 INFO queue: Process completed.
2020-10-27T22:01:35+00:00 INFO workflows: Process started for 50 items.
2020-10-27T22:01:36+00:00 INFO workflows: Process started for 50 items.
2020-10-27T22:01:36+00:00 INFO workflows: Process started for 50 items.
2020-10-27T22:01:37+00:00 INFO workflows: Process started for 50 items.
2020-10-27T22:01:37+00:00 INFO workflows: Process started for 50 items.
2020-10-27T22:01:37+00:00 INFO workflows: Process started for 50 items.
2020-10-27T22:01:37+00:00 INFO workflows: Process started for 50 items.
2020-10-27T22:01:37+00:00 INFO workflows: Process started for 50 items.
2020-10-27T22:01:37+00:00 INFO workflows: Process started for 50 items.
2020-10-27T22:01:38+00:00 INFO workflows: Process started for 50 items.
2020-10-27T22:01:39+00:00 INFO workflows: Process started for 50 items.
2020-10-27T22:01:39+00:00 INFO workflows: Process started for 50 items.
2020-10-27T22:01:39+00:00 INFO workflows: Process started for 50 items.
2020-10-27T22:01:39+00:00 INFO workflows: Process started for 50 items.
2020-10-27T22:01:39+00:00 INFO workflows: Process started for 50 items.
2020-10-27T22:01:39+00:00 INFO workflows: Process started for 50 items.
2020-10-27T22:01:40+00:00 INFO workflows: Process started for 50 items.
2020-10-27T22:01:41+00:00 INFO workflows: Process started for 50 items.
2020-10-27T22:01:41+00:00 INFO workflows: Process started for 50 items.
2020-10-27T22:01:41+00:00 INFO workflows: Process started for 50 items.
2020-10-27T22:01:41+00:00 INFO workflows: Process started for 50 items.
2020-10-27T22:01:42+00:00 INFO workflows: Process started for 50 items.
2020-10-27T22:01:43+00:00 INFO workflows: Process started for 50 items.
2020-10-27T22:01:43+00:00 INFO workflows: Process started for 50 items.
2020-10-27T22:01:43+00:00 INFO workflows: Process started for 50 items.
2020-10-27T22:01:44+00:00 INFO workflows: Process started for 50 items.
2020-10-27T22:01:45+00:00 INFO workflows: Process started for 50 items.
2020-10-27T22:01:46+00:00 INFO workflows: Process started for 50 items.
2020-10-27T22:01:46+00:00 INFO workflows: Process started for 50 items.
2020-10-27T22:01:46+00:00 INFO workflows: Process started for 50 items.
2020-10-27T22:01:46+00:00 INFO workflows: Process started for 50 items.
2020-10-27T22:01:46+00:00 INFO workflows: Process started for 50 items.
2020-10-27T22:01:47+00:00 INFO workflows: Process started for 50 items.
2020-10-27T22:01:47+00:00 INFO workflows: Process started for 23 items.
2020-10-27T22:01:47+00:00 INFO workflows: Process started for 50 items.
2020-10-27T22:01:47+00:00 INFO workflows: Process started for 50 items.
2020-10-27T22:01:47+00:00 INFO workflows: Process started for 50 items.
2020-10-27T22:04:24+00:00 INFO events: Process started for 2 items.
2020-10-27T22:04:24+00:00 INFO events: Process completed.
2020-10-27T22:06:55+00:00 INFO workflows: Process completed.
2020-10-27T22:20:36+00:00 INFO queue: Process started for 1 items.
2020-10-27T22:20:39+00:00 INFO queue: Process completed.
2020-10-27T23:11:38+00:00 INFO events: Process started for 1 items.
2020-10-27T23:11:39+00:00 INFO events: Process completed.
2020-10-27T23:11:39+00:00 INFO queue: Process started for 1 items.
2020-10-27T23:11:41+00:00 INFO queue: Process completed.
