2020-11-06T01:17:10+00:00 INFO events: Process started for 2 items.
2020-11-06T01:17:11+00:00 INFO events: Process completed.
2020-11-06T01:17:11+00:00 INFO queue: Process started for 3 items.
2020-11-06T01:17:16+00:00 INFO queue: Process completed.
2020-11-06T04:26:42+00:00 INFO events: Process started for 2 items.
2020-11-06T04:26:43+00:00 INFO events: Process completed.
2020-11-06T04:28:33+00:00 INFO queue: Process started for 2 items.
2020-11-06T04:28:36+00:00 INFO queue: Process completed.
2020-11-06T04:32:08+00:00 INFO events: Process started for 2 items.
2020-11-06T04:32:08+00:00 INFO events: Process completed.
2020-11-06T04:52:05+00:00 INFO events: Process started for 2 items.
2020-11-06T04:52:06+00:00 INFO events: Process completed.
2020-11-06T06:44:28+00:00 INFO queue: Process started for 1 items.
2020-11-06T06:44:31+00:00 INFO queue: Process completed.
2020-11-06T06:53:39+00:00 INFO events: Process started for 2 items.
2020-11-06T06:53:40+00:00 INFO events: Process completed.
2020-11-06T10:38:21+00:00 INFO events: Process started for 2 items.
2020-11-06T10:38:22+00:00 INFO events: Process completed.
2020-11-06T12:57:30+00:00 INFO queue: Process started for 1 items.
2020-11-06T12:57:35+00:00 INFO queue: Process completed.
2020-11-06T13:30:37+00:00 INFO queue: Process started for 1 items.
2020-11-06T13:30:42+00:00 INFO queue: Process completed.
2020-11-06T14:07:45+00:00 INFO abandoned_carts: Process started for 1 items.
2020-11-06T14:07:47+00:00 INFO abandoned_carts: Process completed.
2020-11-06T14:38:04+00:00 INFO events: Process started for 2 items.
2020-11-06T14:38:05+00:00 INFO events: Process completed.
2020-11-06T15:05:25+00:00 INFO abandoned_carts: Process started for 1 items.
2020-11-06T15:05:26+00:00 INFO abandoned_carts: Process completed.
2020-11-06T15:37:49+00:00 INFO queue: Process started for 2 items.
2020-11-06T15:37:53+00:00 INFO queue: Process completed.
2020-11-06T17:54:59+00:00 INFO queue: Process started for 1 items.
2020-11-06T17:55:00+00:00 INFO abandoned_carts: Process started for 1 items.
2020-11-06T17:55:00+00:00 INFO abandoned_carts: Process completed.
2020-11-06T17:55:01+00:00 INFO queue: Process completed.
2020-11-06T18:19:15+00:00 INFO queue: Process started for 1 items.
2020-11-06T18:19:17+00:00 INFO queue: Process completed.
2020-11-06T18:38:22+00:00 INFO events: Process started for 2 items.
2020-11-06T18:38:22+00:00 INFO events: Process completed.
2020-11-06T20:47:22+00:00 INFO events: Process started for 1 items.
2020-11-06T20:47:22+00:00 INFO events: Process completed.
2020-11-06T20:47:23+00:00 INFO queue: Process started for 49 items.
2020-11-06T20:47:24+00:00 INFO workflows: Process started for 50 items.
2020-11-06T20:47:25+00:00 INFO workflows: Process started for 50 items.
2020-11-06T20:47:25+00:00 INFO workflows: Process started for 50 items.
2020-11-06T20:47:25+00:00 INFO workflows: Process started for 50 items.
2020-11-06T20:47:26+00:00 INFO workflows: Process started for 50 items.
2020-11-06T20:47:27+00:00 INFO workflows: Process started for 50 items.
2020-11-06T20:47:27+00:00 INFO workflows: Process started for 50 items.
2020-11-06T20:47:27+00:00 INFO workflows: Process started for 50 items.
2020-11-06T20:47:27+00:00 INFO workflows: Process started for 50 items.
2020-11-06T20:47:28+00:00 INFO workflows: Process started for 50 items.
2020-11-06T20:47:28+00:00 INFO workflows: Process started for 50 items.
2020-11-06T20:47:28+00:00 INFO workflows: Process started for 50 items.
2020-11-06T20:47:29+00:00 INFO workflows: Process started for 50 items.
2020-11-06T20:47:29+00:00 INFO workflows: Process started for 50 items.
2020-11-06T20:47:29+00:00 INFO workflows: Process started for 50 items.
2020-11-06T20:47:29+00:00 INFO workflows: Process started for 50 items.
2020-11-06T20:47:29+00:00 INFO workflows: Process started for 50 items.
2020-11-06T20:47:30+00:00 INFO workflows: Process started for 50 items.
2020-11-06T20:47:30+00:00 INFO workflows: Process started for 50 items.
2020-11-06T20:47:30+00:00 INFO workflows: Process started for 50 items.
2020-11-06T20:47:30+00:00 INFO workflows: Process started for 50 items.
2020-11-06T20:47:31+00:00 INFO workflows: Process started for 50 items.
2020-11-06T20:47:31+00:00 INFO workflows: Process started for 50 items.
2020-11-06T20:47:31+00:00 INFO workflows: Process started for 50 items.
2020-11-06T20:47:31+00:00 INFO workflows: Process started for 50 items.
2020-11-06T20:47:31+00:00 INFO workflows: Process started for 50 items.
2020-11-06T20:47:32+00:00 INFO workflows: Process started for 50 items.
2020-11-06T20:47:32+00:00 INFO workflows: Process started for 50 items.
2020-11-06T20:47:32+00:00 INFO workflows: Process started for 50 items.
2020-11-06T20:47:32+00:00 INFO workflows: Process started for 50 items.
2020-11-06T20:47:33+00:00 INFO workflows: Process started for 50 items.
2020-11-06T20:47:33+00:00 INFO workflows: Process started for 50 items.
2020-11-06T20:47:33+00:00 INFO workflows: Process started for 50 items.
2020-11-06T20:47:33+00:00 INFO workflows: Process started for 50 items.
2020-11-06T20:47:33+00:00 INFO workflows: Process started for 50 items.
2020-11-06T20:47:34+00:00 INFO workflows: Process started for 50 items.
2020-11-06T20:47:34+00:00 INFO workflows: Process started for 50 items.
2020-11-06T20:47:34+00:00 INFO workflows: Process started for 50 items.
2020-11-06T20:47:34+00:00 INFO workflows: Process started for 50 items.
2020-11-06T20:47:35+00:00 INFO workflows: Process started for 50 items.
2020-11-06T20:47:35+00:00 INFO workflows: Process started for 50 items.
2020-11-06T20:47:35+00:00 INFO workflows: Process started for 50 items.
2020-11-06T20:47:35+00:00 INFO workflows: Process started for 50 items.
2020-11-06T20:47:36+00:00 INFO workflows: Process started for 50 items.
2020-11-06T20:47:37+00:00 INFO workflows: Process started for 50 items.
2020-11-06T20:47:37+00:00 INFO workflows: Process started for 50 items.
2020-11-06T20:47:37+00:00 INFO workflows: Process started for 50 items.
2020-11-06T20:47:37+00:00 INFO workflows: Process started for 50 items.
2020-11-06T20:47:37+00:00 INFO workflows: Process started for 50 items.
2020-11-06T20:47:37+00:00 INFO workflows: Process started for 50 items.
2020-11-06T20:47:37+00:00 INFO workflows: Process started for 50 items.
2020-11-06T20:47:38+00:00 INFO workflows: Process started for 50 items.
2020-11-06T20:47:38+00:00 INFO workflows: Process started for 50 items.
2020-11-06T20:47:39+00:00 INFO workflows: Process started for 50 items.
2020-11-06T20:47:39+00:00 INFO workflows: Process started for 50 items.
2020-11-06T20:47:39+00:00 INFO workflows: Process started for 50 items.
2020-11-06T20:47:39+00:00 INFO workflows: Process started for 50 items.
2020-11-06T20:47:39+00:00 INFO workflows: Process started for 50 items.
2020-11-06T20:47:40+00:00 INFO workflows: Process started for 50 items.
2020-11-06T20:47:40+00:00 INFO workflows: Process started for 50 items.
2020-11-06T20:47:40+00:00 INFO workflows: Process started for 50 items.
2020-11-06T20:47:40+00:00 INFO workflows: Process started for 50 items.
2020-11-06T20:47:40+00:00 INFO workflows: Process started for 15 items.
2020-11-06T20:47:41+00:00 INFO workflows: Process started for 50 items.
2020-11-06T20:47:41+00:00 INFO workflows: Process started for 50 items.
2020-11-06T20:48:28+00:00 INFO queue: Process completed.
2020-11-06T20:53:34+00:00 INFO workflows: Process completed.
2020-11-06T21:04:35+00:00 INFO queue: Process started for 1 items.
2020-11-06T21:04:37+00:00 INFO queue: Process completed.
2020-11-06T21:12:53+00:00 INFO queue: Process started for 1 items.
2020-11-06T21:13:06+00:00 INFO queue: Process completed.
2020-11-06T21:19:18+00:00 INFO queue: Process started for 1 items.
2020-11-06T21:19:20+00:00 INFO queue: Process completed.
2020-11-06T21:35:13+00:00 INFO queue: Process started for 1 items.
2020-11-06T21:35:15+00:00 INFO queue: Process completed.
2020-11-06T21:50:28+00:00 INFO abandoned_carts: Process started for 1 items.
2020-11-06T21:50:31+00:00 INFO abandoned_carts: Process completed.
2020-11-06T21:53:12+00:00 INFO events: Process started for 1 items.
2020-11-06T21:53:13+00:00 INFO events: Process completed.
2020-11-06T23:45:02+00:00 INFO events: Process started for 2 items.
2020-11-06T23:45:02+00:00 INFO events: Process completed.
2020-11-06T23:45:03+00:00 INFO queue: Process started for 4 items.
2020-11-06T23:45:09+00:00 INFO queue: Process completed.
