2020-11-04T01:13:35+00:00 INFO queue: Process started for 3 items.
2020-11-04T01:13:40+00:00 INFO queue: Process completed.
2020-11-04T09:22:06+00:00 INFO queue: Process started for 6 items.
2020-11-04T09:22:15+00:00 INFO queue: Process completed.
2020-11-04T11:24:46+00:00 INFO events: Process started for 2 items.
2020-11-04T11:24:47+00:00 INFO events: Process completed.
2020-11-04T13:31:18+00:00 INFO queue: Process started for 1 items.
2020-11-04T13:31:25+00:00 INFO queue: Process completed.
2020-11-04T14:36:40+00:00 INFO events: Process started for 2 items.
2020-11-04T14:36:41+00:00 INFO queue: Process started for 2 items.
2020-11-04T14:36:43+00:00 INFO events: Process completed.
2020-11-04T14:36:46+00:00 INFO queue: Process completed.
2020-11-04T16:07:15+00:00 INFO events: Process started for 2 items.
2020-11-04T16:07:15+00:00 INFO events: Process completed.
2020-11-04T16:07:16+00:00 INFO queue: Process started for 2 items.
2020-11-04T16:07:20+00:00 INFO queue: Process completed.
2020-11-04T16:52:27+00:00 INFO queue: Process started for 2 items.
2020-11-04T16:52:31+00:00 INFO queue: Process completed.
2020-11-04T17:07:20+00:00 INFO queue: Process started for 2 items.
2020-11-04T17:07:23+00:00 INFO queue: Process completed.
2020-11-04T17:22:09+00:00 INFO queue: Process started for 1 items.
2020-11-04T17:22:11+00:00 INFO queue: Process completed.
2020-11-04T17:40:30+00:00 INFO abandoned_carts: Process started for 1 items.
2020-11-04T17:40:31+00:00 INFO queue: Process started for 1 items.
2020-11-04T17:40:33+00:00 INFO abandoned_carts: Process completed.
2020-11-04T17:40:34+00:00 INFO queue: Process completed.
2020-11-04T17:57:26+00:00 INFO queue: Process started for 1 items.
2020-11-04T17:57:28+00:00 INFO queue: Process completed.
2020-11-04T18:25:51+00:00 INFO queue: Process started for 1 items.
2020-11-04T18:25:53+00:00 INFO queue: Process completed.
2020-11-04T18:37:41+00:00 INFO queue: Process started for 2 items.
2020-11-04T18:37:45+00:00 INFO queue: Process completed.
2020-11-04T19:04:57+00:00 INFO events: Process started for 2 items.
2020-11-04T19:04:58+00:00 INFO queue: Process started for 2 items.
2020-11-04T19:04:58+00:00 INFO events: Process completed.
2020-11-04T19:05:00+00:00 INFO queue: Process completed.
2020-11-04T20:19:37+00:00 INFO events: Process started for 1 items.
2020-11-04T20:19:39+00:00 INFO events: Process completed.
2020-11-04T20:19:41+00:00 INFO workflows: Process started for 50 items.
2020-11-04T20:19:41+00:00 INFO workflows: Process started for 50 items.
2020-11-04T20:19:42+00:00 INFO workflows: Process started for 50 items.
2020-11-04T20:19:43+00:00 INFO workflows: Process started for 50 items.
2020-11-04T20:19:44+00:00 INFO workflows: Process started for 50 items.
2020-11-04T20:19:45+00:00 INFO workflows: Process started for 50 items.
2020-11-04T20:19:46+00:00 INFO workflows: Process started for 50 items.
2020-11-04T20:19:47+00:00 INFO workflows: Process started for 50 items.
2020-11-04T20:19:48+00:00 INFO workflows: Process started for 50 items.
2020-11-04T20:19:49+00:00 INFO workflows: Process started for 50 items.
2020-11-04T20:19:50+00:00 INFO workflows: Process started for 50 items.
2020-11-04T20:19:51+00:00 INFO workflows: Process started for 50 items.
2020-11-04T20:19:52+00:00 INFO workflows: Process started for 50 items.
2020-11-04T20:19:53+00:00 INFO workflows: Process started for 50 items.
2020-11-04T20:19:54+00:00 INFO workflows: Process started for 50 items.
2020-11-04T20:19:55+00:00 INFO workflows: Process started for 50 items.
2020-11-04T20:19:56+00:00 INFO workflows: Process started for 50 items.
2020-11-04T20:19:57+00:00 INFO workflows: Process started for 50 items.
2020-11-04T20:19:58+00:00 INFO workflows: Process started for 50 items.
2020-11-04T20:19:59+00:00 INFO workflows: Process started for 50 items.
2020-11-04T20:19:59+00:00 INFO workflows: Process started for 50 items.
2020-11-04T20:20:01+00:00 INFO workflows: Process started for 50 items.
2020-11-04T20:20:01+00:00 INFO workflows: Process started for 50 items.
2020-11-04T20:20:02+00:00 INFO workflows: Process started for 50 items.
2020-11-04T20:20:03+00:00 INFO workflows: Process started for 50 items.
2020-11-04T20:20:05+00:00 INFO workflows: Process started for 50 items.
2020-11-04T20:20:05+00:00 INFO workflows: Process started for 50 items.
2020-11-04T20:20:06+00:00 INFO workflows: Process started for 50 items.
2020-11-04T20:20:07+00:00 INFO workflows: Process started for 50 items.
2020-11-04T20:20:08+00:00 INFO workflows: Process started for 50 items.
2020-11-04T20:20:09+00:00 INFO workflows: Process started for 50 items.
2020-11-04T20:20:11+00:00 INFO workflows: Process started for 50 items.
2020-11-04T20:20:12+00:00 INFO workflows: Process started for 50 items.
2020-11-04T20:20:13+00:00 INFO workflows: Process started for 50 items.
2020-11-04T20:20:14+00:00 INFO workflows: Process started for 50 items.
2020-11-04T20:20:15+00:00 INFO workflows: Process started for 50 items.
2020-11-04T20:20:16+00:00 INFO workflows: Process started for 50 items.
2020-11-04T20:20:17+00:00 INFO workflows: Process started for 50 items.
2020-11-04T20:20:18+00:00 INFO workflows: Process started for 50 items.
2020-11-04T20:20:19+00:00 INFO workflows: Process started for 50 items.
2020-11-04T20:20:20+00:00 INFO workflows: Process started for 50 items.
2020-11-04T20:20:22+00:00 INFO workflows: Process started for 50 items.
2020-11-04T20:20:23+00:00 INFO workflows: Process started for 50 items.
2020-11-04T20:20:24+00:00 INFO workflows: Process started for 50 items.
2020-11-04T20:20:25+00:00 INFO workflows: Process started for 50 items.
2020-11-04T20:20:26+00:00 INFO workflows: Process started for 50 items.
2020-11-04T20:20:27+00:00 INFO workflows: Process started for 50 items.
2020-11-04T20:20:28+00:00 INFO workflows: Process started for 50 items.
2020-11-04T20:20:29+00:00 INFO workflows: Process started for 50 items.
2020-11-04T20:20:30+00:00 INFO workflows: Process started for 50 items.
2020-11-04T20:20:31+00:00 INFO workflows: Process started for 50 items.
2020-11-04T20:20:32+00:00 INFO workflows: Process started for 50 items.
2020-11-04T20:20:33+00:00 INFO workflows: Process started for 50 items.
2020-11-04T20:20:34+00:00 INFO workflows: Process started for 50 items.
2020-11-04T20:20:34+00:00 INFO workflows: Process started for 50 items.
2020-11-04T20:20:35+00:00 INFO workflows: Process started for 50 items.
2020-11-04T20:20:36+00:00 INFO workflows: Process started for 50 items.
2020-11-04T20:20:37+00:00 INFO workflows: Process started for 50 items.
2020-11-04T20:20:39+00:00 INFO workflows: Process started for 50 items.
2020-11-04T20:20:40+00:00 INFO workflows: Process started for 50 items.
2020-11-04T20:20:41+00:00 INFO workflows: Process started for 50 items.
2020-11-04T20:20:42+00:00 INFO workflows: Process started for 50 items.
2020-11-04T20:20:43+00:00 INFO workflows: Process started for 50 items.
2020-11-04T20:20:43+00:00 INFO workflows: Process started for 50 items.
2020-11-04T20:20:44+00:00 INFO workflows: Process started for 9 items.
2020-11-04T20:26:00+00:00 INFO workflows: Process completed.
