2020-10-29T20:46:33+00:00 INFO events: Process started for 3 items.
2020-10-29T20:46:34+00:00 INFO queue: Process started for 20 items.
2020-10-29T20:46:38+00:00 INFO events: Process completed.
2020-10-29T20:46:40+00:00 INFO workflows: Process started for 50 items.
2020-10-29T20:46:41+00:00 INFO workflows: Process started for 50 items.
2020-10-29T20:46:42+00:00 INFO workflows: Process started for 50 items.
2020-10-29T20:46:44+00:00 INFO workflows: Process started for 50 items.
2020-10-29T20:46:45+00:00 INFO workflows: Process started for 50 items.
2020-10-29T20:46:46+00:00 INFO workflows: Process started for 50 items.
2020-10-29T20:46:47+00:00 INFO workflows: Process started for 50 items.
2020-10-29T20:46:48+00:00 INFO workflows: Process started for 50 items.
2020-10-29T20:46:49+00:00 INFO workflows: Process started for 50 items.
2020-10-29T20:46:50+00:00 INFO workflows: Process started for 50 items.
2020-10-29T20:46:52+00:00 INFO workflows: Process started for 50 items.
2020-10-29T20:46:53+00:00 INFO workflows: Process started for 50 items.
2020-10-29T20:46:54+00:00 INFO workflows: Process started for 50 items.
2020-10-29T20:46:55+00:00 INFO workflows: Process started for 50 items.
2020-10-29T20:46:56+00:00 INFO workflows: Process started for 50 items.
2020-10-29T20:46:57+00:00 INFO workflows: Process started for 50 items.
2020-10-29T20:46:58+00:00 INFO workflows: Process started for 50 items.
2020-10-29T20:46:59+00:00 INFO workflows: Process started for 50 items.
2020-10-29T20:46:59+00:00 INFO workflows: Process started for 50 items.
2020-10-29T20:47:00+00:00 INFO workflows: Process started for 50 items.
2020-10-29T20:47:01+00:00 INFO workflows: Process started for 50 items.
2020-10-29T20:47:03+00:00 INFO workflows: Process started for 50 items.
2020-10-29T20:47:06+00:00 INFO events: Process started for 1 items.
2020-10-29T20:47:06+00:00 INFO workflows: Process started for 50 items.
2020-10-29T20:47:06+00:00 INFO workflows: Process started for 50 items.
2020-10-29T20:47:06+00:00 INFO events: Process completed.
2020-10-29T20:47:06+00:00 INFO workflows: Process started for 50 items.
2020-10-29T20:47:07+00:00 INFO workflows: Process started for 50 items.
2020-10-29T20:47:08+00:00 INFO workflows: Process started for 50 items.
2020-10-29T20:47:08+00:00 INFO workflows: Process started for 50 items.
2020-10-29T20:47:08+00:00 INFO workflows: Process started for 50 items.
2020-10-29T20:47:08+00:00 INFO workflows: Process started for 50 items.
2020-10-29T20:47:08+00:00 INFO workflows: Process started for 50 items.
2020-10-29T20:47:08+00:00 INFO workflows: Process started for 50 items.
2020-10-29T20:47:09+00:00 INFO workflows: Process started for 50 items.
2020-10-29T20:47:09+00:00 INFO workflows: Process started for 50 items.
2020-10-29T20:47:09+00:00 INFO workflows: Process started for 50 items.
2020-10-29T20:47:09+00:00 INFO workflows: Process started for 50 items.
2020-10-29T20:47:11+00:00 INFO workflows: Process started for 50 items.
2020-10-29T20:47:11+00:00 INFO workflows: Process started for 50 items.
2020-10-29T20:47:11+00:00 INFO workflows: Process started for 50 items.
2020-10-29T20:47:11+00:00 INFO workflows: Process started for 50 items.
2020-10-29T20:47:11+00:00 INFO workflows: Process started for 50 items.
2020-10-29T20:47:11+00:00 INFO workflows: Process started for 50 items.
2020-10-29T20:47:11+00:00 INFO workflows: Process started for 50 items.
2020-10-29T20:47:11+00:00 INFO workflows: Process started for 50 items.
2020-10-29T20:47:12+00:00 INFO workflows: Process started for 50 items.
2020-10-29T20:47:12+00:00 INFO workflows: Process started for 50 items.
2020-10-29T20:47:12+00:00 INFO workflows: Process started for 50 items.
2020-10-29T20:47:12+00:00 INFO workflows: Process started for 50 items.
2020-10-29T20:47:13+00:00 INFO workflows: Process started for 50 items.
2020-10-29T20:47:13+00:00 INFO workflows: Process started for 50 items.
2020-10-29T20:47:13+00:00 INFO workflows: Process started for 50 items.
2020-10-29T20:47:13+00:00 INFO workflows: Process started for 50 items.
2020-10-29T20:47:14+00:00 INFO workflows: Process started for 50 items.
2020-10-29T20:47:14+00:00 INFO workflows: Process started for 50 items.
2020-10-29T20:47:14+00:00 INFO workflows: Process started for 50 items.
2020-10-29T20:47:14+00:00 INFO queue: Process completed.
2020-10-29T20:47:14+00:00 INFO workflows: Process started for 50 items.
2020-10-29T20:47:15+00:00 INFO workflows: Process started for 50 items.
2020-10-29T20:47:15+00:00 INFO workflows: Process started for 50 items.
2020-10-29T20:47:15+00:00 INFO workflows: Process started for 50 items.
2020-10-29T20:47:15+00:00 INFO workflows: Process started for 50 items.
2020-10-29T20:47:15+00:00 INFO workflows: Process started for 50 items.
2020-10-29T20:47:15+00:00 INFO workflows: Process started for 50 items.
2020-10-29T20:47:16+00:00 INFO workflows: Process started for 50 items.
2020-10-29T20:47:16+00:00 INFO workflows: Process started for 50 items.
2020-10-29T20:47:16+00:00 INFO workflows: Process started for 50 items.
2020-10-29T20:47:17+00:00 INFO workflows: Process started for 50 items.
2020-10-29T20:47:17+00:00 INFO workflows: Process started for 50 items.
2020-10-29T20:47:17+00:00 INFO workflows: Process started for 50 items.
2020-10-29T20:47:17+00:00 INFO workflows: Process started for 50 items.
2020-10-29T20:47:17+00:00 INFO workflows: Process started for 50 items.
2020-10-29T20:47:17+00:00 INFO workflows: Process started for 50 items.
2020-10-29T20:47:17+00:00 INFO workflows: Process started for 50 items.
2020-10-29T20:47:18+00:00 INFO workflows: Process started for 50 items.
2020-10-29T20:47:18+00:00 INFO workflows: Process started for 50 items.
2020-10-29T20:47:18+00:00 INFO workflows: Process started for 50 items.
2020-10-29T20:47:19+00:00 INFO workflows: Process started for 50 items.
2020-10-29T20:47:19+00:00 INFO workflows: Process started for 50 items.
2020-10-29T20:47:19+00:00 INFO workflows: Process started for 50 items.
2020-10-29T20:47:19+00:00 INFO workflows: Process started for 50 items.
2020-10-29T20:47:19+00:00 INFO workflows: Process started for 50 items.
2020-10-29T20:47:19+00:00 INFO workflows: Process started for 50 items.
2020-10-29T20:47:19+00:00 INFO workflows: Process started for 50 items.
2020-10-29T20:47:20+00:00 INFO workflows: Process started for 50 items.
2020-10-29T20:47:20+00:00 INFO workflows: Process started for 50 items.
2020-10-29T20:47:20+00:00 INFO workflows: Process started for 50 items.
2020-10-29T20:47:20+00:00 INFO workflows: Process started for 50 items.
2020-10-29T20:47:20+00:00 INFO workflows: Process started for 50 items.
2020-10-29T20:47:20+00:00 INFO workflows: Process started for 50 items.
2020-10-29T20:47:21+00:00 INFO workflows: Process started for 50 items.
2020-10-29T20:47:21+00:00 INFO workflows: Process started for 50 items.
2020-10-29T20:47:21+00:00 INFO workflows: Process started for 50 items.
2020-10-29T20:47:21+00:00 INFO workflows: Process started for 50 items.
2020-10-29T20:47:21+00:00 INFO workflows: Process started for 50 items.
2020-10-29T20:47:22+00:00 INFO workflows: Process started for 50 items.
2020-10-29T20:47:22+00:00 INFO workflows: Process started for 42 items.
2020-10-29T20:47:22+00:00 INFO workflows: Process started for 50 items.
2020-10-29T20:47:22+00:00 INFO workflows: Process started for 50 items.
2020-10-29T20:47:22+00:00 INFO workflows: Process started for 50 items.
2020-10-29T20:47:22+00:00 INFO workflows: Process started for 50 items.
2020-10-29T20:47:22+00:00 INFO workflows: Process started for 50 items.
2020-10-29T20:47:22+00:00 INFO workflows: Process started for 50 items.
2020-10-29T20:47:23+00:00 INFO workflows: Process started for 50 items.
2020-10-29T20:47:23+00:00 INFO workflows: Process started for 50 items.
2020-10-29T20:47:23+00:00 INFO workflows: Process started for 50 items.
2020-10-29T20:47:24+00:00 INFO workflows: Process started for 50 items.
2020-10-29T20:47:24+00:00 INFO workflows: Process started for 50 items.
2020-10-29T20:47:24+00:00 INFO workflows: Process started for 50 items.
2020-10-29T20:47:24+00:00 INFO workflows: Process started for 50 items.
2020-10-29T20:47:25+00:00 INFO workflows: Process started for 50 items.
2020-10-29T20:47:25+00:00 INFO workflows: Process started for 50 items.
2020-10-29T20:47:25+00:00 INFO workflows: Process started for 50 items.
2020-10-29T20:47:26+00:00 INFO workflows: Process started for 50 items.
2020-10-29T20:47:26+00:00 INFO workflows: Process started for 50 items.
2020-10-29T20:47:26+00:00 INFO workflows: Process started for 50 items.
2020-10-29T20:47:27+00:00 INFO workflows: Process started for 50 items.
2020-10-29T20:47:27+00:00 INFO workflows: Process started for 50 items.
2020-10-29T20:47:27+00:00 INFO workflows: Process started for 50 items.
2020-10-29T20:47:27+00:00 INFO workflows: Process started for 50 items.
2020-10-29T20:47:28+00:00 INFO workflows: Process started for 50 items.
2020-10-29T20:47:28+00:00 INFO workflows: Process started for 50 items.
2020-10-29T20:47:28+00:00 INFO workflows: Process started for 50 items.
2020-10-29T20:47:29+00:00 INFO workflows: Process started for 50 items.
2020-10-29T20:47:29+00:00 INFO workflows: Process started for 50 items.
2020-10-29T20:47:29+00:00 INFO workflows: Process started for 50 items.
2020-10-29T20:47:29+00:00 INFO workflows: Process started for 50 items.
2020-10-29T20:47:30+00:00 INFO workflows: Process started for 42 items.
2020-10-29T20:47:30+00:00 INFO workflows: Process started for 50 items.
2020-10-29T20:47:30+00:00 INFO workflows: Process started for 50 items.
2020-10-29T20:48:12+00:00 INFO events: Process started for 2 items.
2020-10-29T20:48:13+00:00 INFO events: Process completed.
2020-10-29T20:58:52+00:00 INFO workflows: Process completed.
2020-10-29T21:43:19+00:00 INFO abandoned_carts: Process started for 1 items.
2020-10-29T21:43:21+00:00 INFO abandoned_carts: Process completed.
2020-10-29T21:43:23+00:00 INFO queue: Process started for 1 items.
2020-10-29T21:43:24+00:00 INFO queue: Process completed.
2020-10-29T23:08:06+00:00 INFO queue: Process started for 2 items.
2020-10-29T23:08:10+00:00 INFO queue: Process completed.
2020-10-29T23:37:51+00:00 INFO events: Process started for 2 items.
2020-10-29T23:37:52+00:00 INFO events: Process completed.
