2020-11-07T00:37:01+00:00 INFO queue: Process started for 1 items.
2020-11-07T00:37:04+00:00 INFO queue: Process completed.
2020-11-07T03:03:01+00:00 INFO queue: Process started for 1 items.
2020-11-07T03:03:04+00:00 INFO queue: Process completed.
2020-11-07T04:07:05+00:00 INFO events: Process started for 2 items.
2020-11-07T04:07:06+00:00 INFO events: Process completed.
2020-11-07T04:30:44+00:00 INFO queue: Process started for 1 items.
2020-11-07T04:30:46+00:00 INFO queue: Process completed.
2020-11-07T06:39:49+00:00 INFO queue: Process started for 3 items.
2020-11-07T06:39:56+00:00 INFO queue: Process completed.
2020-11-07T07:44:51+00:00 INFO events: Process started for 2 items.
2020-11-07T07:44:52+00:00 INFO events: Process completed.
2020-11-07T12:57:09+00:00 INFO queue: Process started for 1 items.
2020-11-07T12:57:15+00:00 INFO queue: Process completed.
2020-11-07T14:16:46+00:00 INFO events: Process started for 2 items.
2020-11-07T14:16:47+00:00 INFO queue: Process started for 2 items.
2020-11-07T14:16:50+00:00 INFO events: Process completed.
2020-11-07T14:16:55+00:00 INFO queue: Process completed.
2020-11-07T15:05:40+00:00 INFO events: Process started for 2 items.
2020-11-07T15:05:41+00:00 INFO events: Process completed.
2020-11-07T15:10:01+00:00 INFO queue: Process started for 1 items.
2020-11-07T15:10:05+00:00 INFO queue: Process completed.
2020-11-07T15:30:14+00:00 INFO events: Process started for 2 items.
2020-11-07T15:30:15+00:00 INFO queue: Process started for 1 items.
2020-11-07T15:30:15+00:00 INFO events: Process completed.
2020-11-07T15:30:18+00:00 INFO queue: Process completed.
2020-11-07T15:33:38+00:00 INFO events: Process started for 2 items.
2020-11-07T15:33:39+00:00 INFO events: Process completed.
2020-11-07T16:02:30+00:00 INFO queue: Process started for 1 items.
2020-11-07T16:02:31+00:00 INFO queue: Process completed.
2020-11-07T17:44:39+00:00 INFO queue: Process started for 1 items.
2020-11-07T17:44:41+00:00 INFO queue: Process completed.
2020-11-07T19:07:50+00:00 INFO queue: Process started for 3 items.
2020-11-07T19:07:56+00:00 INFO queue: Process completed.
2020-11-07T22:16:20+00:00 INFO events: Process started for 3 items.
2020-11-07T22:16:21+00:00 INFO queue: Process started for 7 items.
2020-11-07T22:16:21+00:00 INFO events: Process completed.
2020-11-07T22:16:23+00:00 INFO workflows: Process started for 50 items.
2020-11-07T22:16:24+00:00 INFO workflows: Process started for 50 items.
2020-11-07T22:16:25+00:00 INFO workflows: Process started for 50 items.
2020-11-07T22:16:26+00:00 INFO workflows: Process started for 50 items.
2020-11-07T22:16:27+00:00 INFO workflows: Process started for 50 items.
2020-11-07T22:16:28+00:00 INFO workflows: Process started for 50 items.
2020-11-07T22:16:29+00:00 INFO workflows: Process started for 50 items.
2020-11-07T22:16:30+00:00 INFO workflows: Process started for 50 items.
2020-11-07T22:16:31+00:00 INFO queue: Process completed.
2020-11-07T22:16:32+00:00 INFO workflows: Process started for 50 items.
2020-11-07T22:16:34+00:00 INFO workflows: Process started for 50 items.
2020-11-07T22:16:36+00:00 INFO workflows: Process started for 50 items.
2020-11-07T22:16:36+00:00 INFO workflows: Process started for 50 items.
2020-11-07T22:16:36+00:00 INFO workflows: Process started for 50 items.
2020-11-07T22:16:37+00:00 INFO workflows: Process started for 50 items.
2020-11-07T22:16:37+00:00 INFO workflows: Process started for 50 items.
2020-11-07T22:16:37+00:00 INFO workflows: Process started for 50 items.
2020-11-07T22:16:37+00:00 INFO workflows: Process started for 50 items.
2020-11-07T22:16:38+00:00 INFO workflows: Process started for 50 items.
2020-11-07T22:16:38+00:00 INFO workflows: Process started for 50 items.
2020-11-07T22:16:38+00:00 INFO workflows: Process started for 50 items.
2020-11-07T22:16:38+00:00 INFO workflows: Process started for 50 items.
2020-11-07T22:16:39+00:00 INFO workflows: Process started for 50 items.
2020-11-07T22:16:39+00:00 INFO workflows: Process started for 50 items.
2020-11-07T22:16:39+00:00 INFO workflows: Process started for 50 items.
2020-11-07T22:16:39+00:00 INFO workflows: Process started for 50 items.
2020-11-07T22:16:39+00:00 INFO workflows: Process started for 50 items.
2020-11-07T22:16:40+00:00 INFO workflows: Process started for 50 items.
2020-11-07T22:16:40+00:00 INFO workflows: Process started for 50 items.
2020-11-07T22:16:40+00:00 INFO workflows: Process started for 50 items.
2020-11-07T22:16:40+00:00 INFO workflows: Process started for 50 items.
2020-11-07T22:16:41+00:00 INFO workflows: Process started for 50 items.
2020-11-07T22:16:41+00:00 INFO workflows: Process started for 50 items.
2020-11-07T22:16:41+00:00 INFO workflows: Process started for 50 items.
2020-11-07T22:16:41+00:00 INFO workflows: Process started for 50 items.
2020-11-07T22:16:41+00:00 INFO workflows: Process started for 50 items.
2020-11-07T22:16:42+00:00 INFO workflows: Process started for 50 items.
2020-11-07T22:16:42+00:00 INFO workflows: Process started for 50 items.
2020-11-07T22:16:42+00:00 INFO workflows: Process started for 50 items.
2020-11-07T22:16:42+00:00 INFO workflows: Process started for 50 items.
2020-11-07T22:16:43+00:00 INFO workflows: Process started for 50 items.
2020-11-07T22:16:43+00:00 INFO workflows: Process started for 50 items.
2020-11-07T22:16:43+00:00 INFO workflows: Process started for 50 items.
2020-11-07T22:16:44+00:00 INFO workflows: Process started for 50 items.
2020-11-07T22:16:44+00:00 INFO workflows: Process started for 50 items.
2020-11-07T22:16:44+00:00 INFO workflows: Process started for 50 items.
2020-11-07T22:16:44+00:00 INFO workflows: Process started for 50 items.
2020-11-07T22:16:45+00:00 INFO workflows: Process started for 50 items.
2020-11-07T22:16:45+00:00 INFO workflows: Process started for 50 items.
2020-11-07T22:16:45+00:00 INFO workflows: Process started for 50 items.
2020-11-07T22:16:45+00:00 INFO workflows: Process started for 50 items.
2020-11-07T22:16:46+00:00 INFO workflows: Process started for 50 items.
2020-11-07T22:16:46+00:00 INFO workflows: Process started for 50 items.
2020-11-07T22:16:46+00:00 INFO workflows: Process started for 50 items.
2020-11-07T22:16:46+00:00 INFO workflows: Process started for 50 items.
2020-11-07T22:16:47+00:00 INFO workflows: Process started for 50 items.
2020-11-07T22:16:47+00:00 INFO workflows: Process started for 50 items.
2020-11-07T22:16:47+00:00 INFO workflows: Process started for 50 items.
2020-11-07T22:16:48+00:00 INFO workflows: Process started for 50 items.
2020-11-07T22:16:48+00:00 INFO workflows: Process started for 50 items.
2020-11-07T22:16:48+00:00 INFO workflows: Process started for 50 items.
2020-11-07T22:16:48+00:00 INFO workflows: Process started for 50 items.
2020-11-07T22:16:49+00:00 INFO workflows: Process started for 30 items.
2020-11-07T22:16:49+00:00 INFO workflows: Process started for 50 items.
2020-11-07T22:16:49+00:00 INFO workflows: Process started for 50 items.
2020-11-07T22:16:49+00:00 INFO workflows: Process started for 50 items.
2020-11-07T22:20:39+00:00 INFO events: Process started for 2 items.
2020-11-07T22:20:40+00:00 INFO events: Process completed.
2020-11-07T22:22:27+00:00 INFO workflows: Process completed.
2020-11-07T23:25:02+00:00 INFO events: Process started for 2 items.
2020-11-07T23:25:02+00:00 INFO events: Process completed.
2020-11-07T23:25:03+00:00 INFO queue: Process started for 1 items.
2020-11-07T23:25:05+00:00 INFO queue: Process completed.
