2020-11-05T03:47:03+00:00 INFO queue: Process started for 13 items.
2020-11-05T03:47:26+00:00 INFO queue: Process completed.
2020-11-05T06:15:14+00:00 INFO events: Process started for 2 items.
2020-11-05T06:15:15+00:00 INFO events: Process completed.
2020-11-05T06:59:55+00:00 INFO events: Process started for 2 items.
2020-11-05T06:59:57+00:00 INFO events: Process completed.
2020-11-05T12:53:56+00:00 INFO events: Process started for 2 items.
2020-11-05T12:53:59+00:00 INFO events: Process completed.
2020-11-05T14:21:32+00:00 INFO queue: Process started for 3 items.
2020-11-05T14:21:40+00:00 INFO queue: Process completed.
2020-11-05T15:05:28+00:00 INFO queue: Process started for 2 items.
2020-11-05T15:05:29+00:00 INFO events: Process started for 2 items.
2020-11-05T15:05:30+00:00 INFO events: Process completed.
2020-11-05T15:05:31+00:00 INFO queue: Process completed.
2020-11-05T17:23:46+00:00 INFO queue: Process started for 2 items.
2020-11-05T17:23:51+00:00 INFO queue: Process completed.
2020-11-05T18:39:25+00:00 INFO events: Process started for 2 items.
2020-11-05T18:39:26+00:00 INFO events: Process completed.
2020-11-05T20:57:59+00:00 INFO events: Process started for 1 items.
2020-11-05T20:58:00+00:00 INFO queue: Process started for 5 items.
2020-11-05T20:58:00+00:00 INFO events: Process completed.
2020-11-05T20:58:02+00:00 INFO workflows: Process started for 50 items.
2020-11-05T20:58:04+00:00 INFO workflows: Process started for 50 items.
2020-11-05T20:58:05+00:00 INFO workflows: Process started for 50 items.
2020-11-05T20:58:07+00:00 INFO workflows: Process started for 50 items.
2020-11-05T20:58:08+00:00 INFO workflows: Process started for 50 items.
2020-11-05T20:58:09+00:00 INFO workflows: Process started for 50 items.
2020-11-05T20:58:09+00:00 INFO queue: Process completed.
2020-11-05T20:58:11+00:00 INFO workflows: Process started for 50 items.
2020-11-05T20:58:12+00:00 INFO workflows: Process started for 50 items.
2020-11-05T20:58:13+00:00 INFO workflows: Process started for 50 items.
2020-11-05T20:58:15+00:00 INFO workflows: Process started for 50 items.
2020-11-05T20:58:16+00:00 INFO workflows: Process started for 50 items.
2020-11-05T20:58:17+00:00 INFO workflows: Process started for 50 items.
2020-11-05T20:58:18+00:00 INFO workflows: Process started for 50 items.
2020-11-05T20:58:19+00:00 INFO workflows: Process started for 50 items.
2020-11-05T20:58:21+00:00 INFO workflows: Process started for 50 items.
2020-11-05T20:58:22+00:00 INFO workflows: Process started for 50 items.
2020-11-05T20:58:23+00:00 INFO workflows: Process started for 50 items.
2020-11-05T20:58:24+00:00 INFO workflows: Process started for 50 items.
2020-11-05T20:58:25+00:00 INFO workflows: Process started for 50 items.
2020-11-05T20:58:26+00:00 INFO workflows: Process started for 50 items.
2020-11-05T20:58:27+00:00 INFO workflows: Process started for 50 items.
2020-11-05T20:58:29+00:00 INFO workflows: Process started for 50 items.
2020-11-05T20:58:30+00:00 INFO workflows: Process started for 50 items.
2020-11-05T20:58:31+00:00 INFO workflows: Process started for 50 items.
2020-11-05T20:58:32+00:00 INFO workflows: Process started for 50 items.
2020-11-05T20:58:33+00:00 INFO workflows: Process started for 50 items.
2020-11-05T20:58:34+00:00 INFO workflows: Process started for 50 items.
2020-11-05T20:58:35+00:00 INFO workflows: Process started for 50 items.
2020-11-05T20:58:37+00:00 INFO workflows: Process started for 50 items.
2020-11-05T20:58:38+00:00 INFO workflows: Process started for 50 items.
2020-11-05T20:58:39+00:00 INFO workflows: Process started for 50 items.
2020-11-05T20:58:40+00:00 INFO workflows: Process started for 50 items.
2020-11-05T20:58:41+00:00 INFO workflows: Process started for 50 items.
2020-11-05T20:58:42+00:00 INFO workflows: Process started for 50 items.
2020-11-05T20:58:43+00:00 INFO workflows: Process started for 50 items.
2020-11-05T20:58:44+00:00 INFO workflows: Process started for 50 items.
2020-11-05T20:58:46+00:00 INFO workflows: Process started for 50 items.
2020-11-05T20:58:47+00:00 INFO workflows: Process started for 50 items.
2020-11-05T20:58:48+00:00 INFO workflows: Process started for 50 items.
2020-11-05T20:58:49+00:00 INFO workflows: Process started for 50 items.
2020-11-05T20:58:50+00:00 INFO workflows: Process started for 50 items.
2020-11-05T20:58:52+00:00 INFO workflows: Process started for 50 items.
2020-11-05T20:58:53+00:00 INFO workflows: Process started for 50 items.
2020-11-05T20:58:54+00:00 INFO workflows: Process started for 50 items.
2020-11-05T20:58:55+00:00 INFO workflows: Process started for 50 items.
2020-11-05T20:58:56+00:00 INFO workflows: Process started for 50 items.
2020-11-05T20:58:57+00:00 INFO workflows: Process started for 50 items.
2020-11-05T20:58:58+00:00 INFO workflows: Process started for 50 items.
2020-11-05T20:58:59+00:00 INFO workflows: Process started for 50 items.
2020-11-05T20:59:00+00:00 INFO workflows: Process started for 50 items.
2020-11-05T20:59:01+00:00 INFO workflows: Process started for 50 items.
2020-11-05T20:59:02+00:00 INFO workflows: Process started for 50 items.
2020-11-05T20:59:04+00:00 INFO workflows: Process started for 50 items.
2020-11-05T20:59:05+00:00 INFO workflows: Process started for 50 items.
2020-11-05T20:59:06+00:00 INFO workflows: Process started for 50 items.
2020-11-05T20:59:07+00:00 INFO workflows: Process started for 50 items.
2020-11-05T20:59:08+00:00 INFO workflows: Process started for 50 items.
2020-11-05T20:59:09+00:00 INFO workflows: Process started for 50 items.
2020-11-05T20:59:11+00:00 INFO workflows: Process started for 50 items.
2020-11-05T20:59:12+00:00 INFO workflows: Process started for 50 items.
2020-11-05T20:59:12+00:00 INFO workflows: Process started for 50 items.
2020-11-05T20:59:13+00:00 INFO workflows: Process started for 50 items.
2020-11-05T20:59:14+00:00 INFO workflows: Process started for 50 items.
2020-11-05T20:59:15+00:00 INFO workflows: Process started for 50 items.
2020-11-05T20:59:17+00:00 INFO workflows: Process started for 13 items.
2020-11-05T21:05:21+00:00 INFO workflows: Process completed.
2020-11-05T21:08:43+00:00 INFO queue: Process started for 1 items.
2020-11-05T21:08:46+00:00 INFO queue: Process completed.
2020-11-05T22:05:06+00:00 INFO queue: Process started for 1 items.
2020-11-05T22:05:08+00:00 INFO queue: Process completed.
2020-11-05T23:56:26+00:00 INFO queue: Process started for 3 items.
2020-11-05T23:56:31+00:00 INFO queue: Process completed.
