2020-11-02T21:49:18+00:00 INFO events: Process started for 1 items.
2020-11-02T21:49:20+00:00 INFO queue: Process started for 50 items.
2020-11-02T21:49:24+00:00 INFO events: Process completed.
2020-11-02T21:49:26+00:00 INFO workflows: Process started for 50 items.
2020-11-02T21:49:27+00:00 INFO workflows: Process started for 50 items.
2020-11-02T21:49:28+00:00 INFO workflows: Process started for 50 items.
2020-11-02T21:49:31+00:00 INFO workflows: Process started for 50 items.
2020-11-02T21:49:32+00:00 INFO workflows: Process started for 50 items.
2020-11-02T21:49:33+00:00 INFO workflows: Process started for 50 items.
2020-11-02T21:49:35+00:00 INFO workflows: Process started for 50 items.
2020-11-02T21:49:36+00:00 INFO workflows: Process started for 50 items.
2020-11-02T21:49:37+00:00 INFO workflows: Process started for 50 items.
2020-11-02T21:49:38+00:00 INFO workflows: Process started for 50 items.
2020-11-02T21:49:39+00:00 INFO workflows: Process started for 50 items.
2020-11-02T21:49:39+00:00 INFO workflows: Process started for 50 items.
2020-11-02T21:49:39+00:00 INFO workflows: Process started for 50 items.
2020-11-02T21:49:40+00:00 INFO workflows: Process started for 50 items.
2020-11-02T21:49:40+00:00 INFO workflows: Process started for 50 items.
2020-11-02T21:49:40+00:00 INFO workflows: Process started for 50 items.
2020-11-02T21:49:40+00:00 INFO workflows: Process started for 50 items.
2020-11-02T21:49:41+00:00 INFO workflows: Process started for 50 items.
2020-11-02T21:49:41+00:00 INFO workflows: Process started for 50 items.
2020-11-02T21:49:41+00:00 INFO workflows: Process started for 50 items.
2020-11-02T21:49:41+00:00 INFO workflows: Process started for 50 items.
2020-11-02T21:49:42+00:00 INFO workflows: Process started for 50 items.
2020-11-02T21:49:42+00:00 INFO workflows: Process started for 50 items.
2020-11-02T21:49:42+00:00 INFO workflows: Process started for 50 items.
2020-11-02T21:49:42+00:00 INFO workflows: Process started for 50 items.
2020-11-02T21:49:43+00:00 INFO workflows: Process started for 50 items.
2020-11-02T21:49:43+00:00 INFO workflows: Process started for 50 items.
2020-11-02T21:49:44+00:00 INFO workflows: Process started for 50 items.
2020-11-02T21:49:44+00:00 INFO workflows: Process started for 50 items.
2020-11-02T21:49:44+00:00 INFO workflows: Process started for 50 items.
2020-11-02T21:49:45+00:00 INFO workflows: Process started for 50 items.
2020-11-02T21:49:45+00:00 INFO workflows: Process started for 50 items.
2020-11-02T21:49:47+00:00 INFO workflows: Process started for 50 items.
2020-11-02T21:49:47+00:00 INFO workflows: Process started for 50 items.
2020-11-02T21:49:47+00:00 INFO workflows: Process started for 50 items.
2020-11-02T21:49:47+00:00 INFO workflows: Process started for 50 items.
2020-11-02T21:49:48+00:00 INFO workflows: Process started for 50 items.
2020-11-02T21:49:48+00:00 INFO workflows: Process started for 50 items.
2020-11-02T21:49:48+00:00 INFO workflows: Process started for 50 items.
2020-11-02T21:49:48+00:00 INFO workflows: Process started for 50 items.
2020-11-02T21:49:50+00:00 INFO workflows: Process started for 50 items.
2020-11-02T21:49:50+00:00 INFO workflows: Process started for 50 items.
2020-11-02T21:49:50+00:00 INFO workflows: Process started for 50 items.
2020-11-02T21:49:50+00:00 INFO workflows: Process started for 50 items.
2020-11-02T21:49:50+00:00 INFO workflows: Process started for 50 items.
2020-11-02T21:49:50+00:00 INFO workflows: Process started for 50 items.
2020-11-02T21:49:50+00:00 INFO workflows: Process started for 50 items.
2020-11-02T21:49:51+00:00 INFO workflows: Process started for 50 items.
2020-11-02T21:49:52+00:00 INFO workflows: Process started for 50 items.
2020-11-02T21:49:52+00:00 INFO workflows: Process started for 50 items.
2020-11-02T21:49:52+00:00 INFO workflows: Process started for 50 items.
2020-11-02T21:49:52+00:00 INFO workflows: Process started for 50 items.
2020-11-02T21:49:53+00:00 INFO workflows: Process started for 50 items.
2020-11-02T21:49:53+00:00 INFO workflows: Process started for 50 items.
2020-11-02T21:49:53+00:00 INFO workflows: Process started for 50 items.
2020-11-02T21:49:53+00:00 INFO workflows: Process started for 50 items.
2020-11-02T21:49:53+00:00 INFO workflows: Process started for 50 items.
2020-11-02T21:49:54+00:00 INFO workflows: Process started for 50 items.
2020-11-02T21:49:54+00:00 INFO workflows: Process started for 50 items.
2020-11-02T21:49:54+00:00 INFO workflows: Process started for 50 items.
2020-11-02T21:49:54+00:00 INFO workflows: Process started for 44 items.
2020-11-02T21:49:55+00:00 INFO workflows: Process started for 50 items.
2020-11-02T21:49:55+00:00 INFO workflows: Process started for 50 items.
2020-11-02T21:49:55+00:00 INFO workflows: Process started for 50 items.
2020-11-02T21:50:37+00:00 INFO queue: Process completed.
2020-11-02T21:52:48+00:00 INFO events: Process started for 4 items.
2020-11-02T21:52:48+00:00 INFO events: Process completed.
2020-11-02T21:52:49+00:00 INFO queue: Process started for 50 items.
2020-11-02T21:52:50+00:00 INFO workflows: Process started for 50 items.
2020-11-02T21:52:51+00:00 INFO workflows: Process started for 50 items.
2020-11-02T21:52:51+00:00 INFO workflows: Process started for 50 items.
2020-11-02T21:52:52+00:00 INFO workflows: Process started for 50 items.
2020-11-02T21:52:52+00:00 INFO workflows: Process started for 50 items.
2020-11-02T21:52:53+00:00 INFO workflows: Process started for 50 items.
2020-11-02T21:52:53+00:00 INFO workflows: Process started for 50 items.
2020-11-02T21:52:53+00:00 INFO workflows: Process started for 50 items.
2020-11-02T21:52:53+00:00 INFO workflows: Process started for 50 items.
2020-11-02T21:52:54+00:00 INFO workflows: Process started for 50 items.
2020-11-02T21:52:54+00:00 INFO workflows: Process started for 50 items.
2020-11-02T21:52:54+00:00 INFO workflows: Process started for 50 items.
2020-11-02T21:52:54+00:00 INFO workflows: Process started for 50 items.
2020-11-02T21:52:55+00:00 INFO workflows: Process started for 50 items.
2020-11-02T21:52:55+00:00 INFO workflows: Process started for 50 items.
2020-11-02T21:52:55+00:00 INFO workflows: Process started for 50 items.
2020-11-02T21:52:55+00:00 INFO workflows: Process started for 50 items.
2020-11-02T21:52:55+00:00 INFO workflows: Process started for 50 items.
2020-11-02T21:52:56+00:00 INFO workflows: Process started for 50 items.
2020-11-02T21:52:56+00:00 INFO workflows: Process started for 50 items.
2020-11-02T21:52:56+00:00 INFO workflows: Process started for 50 items.
2020-11-02T21:52:56+00:00 INFO workflows: Process started for 50 items.
2020-11-02T21:52:56+00:00 INFO workflows: Process started for 50 items.
2020-11-02T21:52:56+00:00 INFO workflows: Process started for 50 items.
2020-11-02T21:52:57+00:00 INFO workflows: Process started for 50 items.
2020-11-02T21:52:57+00:00 INFO workflows: Process started for 50 items.
2020-11-02T21:52:57+00:00 INFO workflows: Process started for 50 items.
2020-11-02T21:52:57+00:00 INFO workflows: Process started for 50 items.
2020-11-02T21:52:57+00:00 INFO workflows: Process started for 50 items.
2020-11-02T21:52:58+00:00 INFO workflows: Process started for 50 items.
2020-11-02T21:52:58+00:00 INFO workflows: Process started for 50 items.
2020-11-02T21:52:58+00:00 INFO workflows: Process started for 50 items.
2020-11-02T21:52:58+00:00 INFO workflows: Process started for 50 items.
2020-11-02T21:52:58+00:00 INFO workflows: Process started for 50 items.
2020-11-02T21:52:58+00:00 INFO workflows: Process started for 50 items.
2020-11-02T21:52:59+00:00 INFO workflows: Process started for 50 items.
2020-11-02T21:52:59+00:00 INFO workflows: Process started for 50 items.
2020-11-02T21:52:59+00:00 INFO workflows: Process started for 50 items.
2020-11-02T21:52:59+00:00 INFO workflows: Process started for 50 items.
2020-11-02T21:53:00+00:00 INFO workflows: Process started for 50 items.
2020-11-02T21:53:00+00:00 INFO workflows: Process started for 50 items.
2020-11-02T21:53:00+00:00 INFO workflows: Process started for 50 items.
2020-11-02T21:53:00+00:00 INFO workflows: Process started for 50 items.
2020-11-02T21:53:00+00:00 INFO workflows: Process started for 50 items.
2020-11-02T21:53:00+00:00 INFO workflows: Process started for 50 items.
2020-11-02T21:53:01+00:00 INFO workflows: Process started for 50 items.
2020-11-02T21:53:01+00:00 INFO workflows: Process started for 50 items.
2020-11-02T21:53:01+00:00 INFO workflows: Process started for 50 items.
2020-11-02T21:53:02+00:00 INFO workflows: Process started for 50 items.
2020-11-02T21:53:02+00:00 INFO workflows: Process started for 50 items.
2020-11-02T21:53:02+00:00 INFO workflows: Process started for 50 items.
2020-11-02T21:53:02+00:00 INFO workflows: Process started for 50 items.
2020-11-02T21:53:02+00:00 INFO workflows: Process started for 50 items.
2020-11-02T21:53:03+00:00 INFO workflows: Process started for 50 items.
2020-11-02T21:53:03+00:00 INFO workflows: Process started for 50 items.
2020-11-02T21:53:04+00:00 INFO workflows: Process started for 50 items.
2020-11-02T21:53:04+00:00 INFO workflows: Process started for 50 items.
2020-11-02T21:53:04+00:00 INFO workflows: Process started for 50 items.
2020-11-02T21:53:04+00:00 INFO workflows: Process started for 50 items.
2020-11-02T21:53:04+00:00 INFO workflows: Process started for 44 items.
2020-11-02T21:53:04+00:00 INFO workflows: Process started for 50 items.
2020-11-02T21:53:04+00:00 INFO workflows: Process started for 50 items.
2020-11-02T21:53:05+00:00 INFO workflows: Process started for 50 items.
2020-11-02T21:53:05+00:00 INFO workflows: Process started for 50 items.
2020-11-02T21:53:57+00:00 INFO queue: Process completed.
2020-11-02T21:55:01+00:00 INFO queue: Process started for 50 items.
2020-11-02T21:56:11+00:00 INFO queue: Process completed.
2020-11-02T22:00:14+00:00 INFO workflows: Process completed.
2020-11-02T22:00:43+00:00 INFO queue: Process started for 32 items.
2020-11-02T22:01:24+00:00 INFO queue: Process completed.
2020-11-02T22:38:58+00:00 INFO events: Process started for 2 items.
2020-11-02T22:38:59+00:00 INFO events: Process completed.
2020-11-02T22:43:32+00:00 INFO abandoned_carts: Process started for 1 items.
2020-11-02T22:43:33+00:00 INFO abandoned_carts: Process completed.
