2020-11-09T00:34:34+00:00 INFO queue: Process started for 4 items.
2020-11-09T00:34:40+00:00 INFO queue: Process completed.
2020-11-09T01:29:35+00:00 INFO events: Process started for 2 items.
2020-11-09T01:29:36+00:00 INFO events: Process completed.
2020-11-09T01:29:36+00:00 INFO queue: Process started for 1 items.
2020-11-09T01:29:38+00:00 INFO queue: Process completed.
2020-11-09T01:40:25+00:00 INFO events: Process started for 2 items.
2020-11-09T01:40:26+00:00 INFO events: Process completed.
2020-11-09T04:03:39+00:00 INFO queue: Process started for 5 items.
2020-11-09T04:03:46+00:00 INFO queue: Process completed.
2020-11-09T04:57:51+00:00 INFO events: Process started for 2 items.
2020-11-09T04:57:52+00:00 INFO events: Process completed.
2020-11-09T04:57:52+00:00 INFO queue: Process started for 2 items.
2020-11-09T04:57:55+00:00 INFO queue: Process completed.
2020-11-09T05:44:08+00:00 INFO events: Process started for 2 items.
2020-11-09T05:44:09+00:00 INFO events: Process completed.
2020-11-09T13:08:14+00:00 INFO queue: Process started for 3 items.
2020-11-09T13:08:25+00:00 INFO queue: Process completed.
2020-11-09T13:09:47+00:00 INFO events: Process started for 2 items.
2020-11-09T13:09:48+00:00 INFO events: Process completed.
2020-11-09T13:37:37+00:00 INFO abandoned_carts: Process started for 1 items.
2020-11-09T13:37:41+00:00 INFO abandoned_carts: Process completed.
2020-11-09T14:05:07+00:00 INFO queue: Process started for 1 items.
2020-11-09T14:05:12+00:00 INFO queue: Process completed.
2020-11-09T14:47:53+00:00 INFO queue: Process started for 1 items.
2020-11-09T14:47:55+00:00 INFO queue: Process completed.
2020-11-09T16:40:18+00:00 INFO events: Process started for 2 items.
2020-11-09T16:40:19+00:00 INFO queue: Process started for 5 items.
2020-11-09T16:40:19+00:00 INFO events: Process completed.
2020-11-09T16:40:28+00:00 INFO queue: Process completed.
2020-11-09T16:44:57+00:00 INFO events: Process started for 2 items.
2020-11-09T16:44:58+00:00 INFO events: Process completed.
2020-11-09T16:47:51+00:00 INFO queue: Process started for 2 items.
2020-11-09T16:47:55+00:00 INFO queue: Process completed.
2020-11-09T17:00:29+00:00 INFO queue: Process started for 1 items.
2020-11-09T17:00:31+00:00 INFO queue: Process completed.
2020-11-09T17:06:14+00:00 INFO abandoned_carts: Process started for 1 items.
2020-11-09T17:06:16+00:00 INFO abandoned_carts: Process completed.
2020-11-09T17:44:34+00:00 INFO abandoned_carts: Process started for 1 items.
2020-11-09T17:44:36+00:00 INFO queue: Process started for 1 items.
2020-11-09T17:44:36+00:00 INFO abandoned_carts: Process completed.
2020-11-09T17:44:38+00:00 INFO queue: Process completed.
2020-11-09T17:55:28+00:00 INFO queue: Process started for 2 items.
2020-11-09T17:55:32+00:00 INFO queue: Process completed.
2020-11-09T18:10:54+00:00 INFO queue: Process started for 1 items.
2020-11-09T18:10:57+00:00 INFO queue: Process completed.
2020-11-09T18:33:56+00:00 INFO queue: Process started for 1 items.
2020-11-09T18:34:00+00:00 INFO queue: Process completed.
2020-11-09T18:36:31+00:00 INFO events: Process started for 2 items.
2020-11-09T18:36:32+00:00 INFO events: Process completed.
2020-11-09T18:40:33+00:00 INFO queue: Process started for 1 items.
2020-11-09T18:40:36+00:00 INFO queue: Process completed.
2020-11-09T21:41:57+00:00 INFO events: Process started for 1 items.
2020-11-09T21:41:59+00:00 INFO queue: Process started for 5 items.
2020-11-09T21:41:59+00:00 INFO events: Process completed.
2020-11-09T21:42:01+00:00 INFO workflows: Process started for 50 items.
2020-11-09T21:42:02+00:00 INFO workflows: Process started for 50 items.
2020-11-09T21:42:03+00:00 INFO workflows: Process started for 50 items.
2020-11-09T21:42:05+00:00 INFO workflows: Process started for 50 items.
2020-11-09T21:42:06+00:00 INFO workflows: Process started for 50 items.
2020-11-09T21:42:07+00:00 INFO workflows: Process started for 50 items.
2020-11-09T21:42:07+00:00 INFO workflows: Process started for 50 items.
2020-11-09T21:42:08+00:00 INFO queue: Process completed.
2020-11-09T21:42:09+00:00 INFO workflows: Process started for 50 items.
2020-11-09T21:42:09+00:00 INFO workflows: Process started for 50 items.
2020-11-09T21:42:10+00:00 INFO workflows: Process started for 50 items.
2020-11-09T21:42:11+00:00 INFO workflows: Process started for 50 items.
2020-11-09T21:42:12+00:00 INFO workflows: Process started for 50 items.
2020-11-09T21:42:13+00:00 INFO workflows: Process started for 50 items.
2020-11-09T21:42:14+00:00 INFO workflows: Process started for 50 items.
2020-11-09T21:42:15+00:00 INFO workflows: Process started for 50 items.
2020-11-09T21:42:17+00:00 INFO workflows: Process started for 50 items.
2020-11-09T21:42:17+00:00 INFO workflows: Process started for 50 items.
2020-11-09T21:42:17+00:00 INFO workflows: Process started for 50 items.
2020-11-09T21:42:17+00:00 INFO workflows: Process started for 50 items.
2020-11-09T21:42:17+00:00 INFO workflows: Process started for 50 items.
2020-11-09T21:42:17+00:00 INFO workflows: Process started for 50 items.
2020-11-09T21:42:17+00:00 INFO workflows: Process started for 50 items.
2020-11-09T21:42:18+00:00 INFO workflows: Process started for 50 items.
2020-11-09T21:42:19+00:00 INFO workflows: Process started for 50 items.
2020-11-09T21:42:19+00:00 INFO workflows: Process started for 50 items.
2020-11-09T21:42:19+00:00 INFO workflows: Process started for 50 items.
2020-11-09T21:42:19+00:00 INFO workflows: Process started for 50 items.
2020-11-09T21:42:19+00:00 INFO workflows: Process started for 50 items.
2020-11-09T21:42:20+00:00 INFO workflows: Process started for 50 items.
2020-11-09T21:42:20+00:00 INFO workflows: Process started for 50 items.
2020-11-09T21:42:20+00:00 INFO workflows: Process started for 50 items.
2020-11-09T21:42:21+00:00 INFO workflows: Process started for 50 items.
2020-11-09T21:42:21+00:00 INFO workflows: Process started for 50 items.
2020-11-09T21:42:21+00:00 INFO workflows: Process started for 50 items.
2020-11-09T21:42:21+00:00 INFO workflows: Process started for 50 items.
2020-11-09T21:42:21+00:00 INFO workflows: Process started for 50 items.
2020-11-09T21:42:22+00:00 INFO workflows: Process started for 50 items.
2020-11-09T21:42:22+00:00 INFO workflows: Process started for 50 items.
2020-11-09T21:42:22+00:00 INFO workflows: Process started for 50 items.
2020-11-09T21:42:23+00:00 INFO workflows: Process started for 50 items.
2020-11-09T21:42:23+00:00 INFO workflows: Process started for 50 items.
2020-11-09T21:42:23+00:00 INFO workflows: Process started for 50 items.
2020-11-09T21:42:23+00:00 INFO workflows: Process started for 50 items.
2020-11-09T21:42:24+00:00 INFO workflows: Process started for 50 items.
2020-11-09T21:42:24+00:00 INFO workflows: Process started for 50 items.
2020-11-09T21:42:24+00:00 INFO workflows: Process started for 50 items.
2020-11-09T21:42:24+00:00 INFO workflows: Process started for 50 items.
2020-11-09T21:42:25+00:00 INFO workflows: Process started for 50 items.
2020-11-09T21:42:25+00:00 INFO workflows: Process started for 50 items.
2020-11-09T21:42:25+00:00 INFO workflows: Process started for 50 items.
2020-11-09T21:42:25+00:00 INFO workflows: Process started for 50 items.
2020-11-09T21:42:25+00:00 INFO workflows: Process started for 50 items.
2020-11-09T21:42:26+00:00 INFO workflows: Process started for 50 items.
2020-11-09T21:42:26+00:00 INFO workflows: Process started for 50 items.
2020-11-09T21:42:26+00:00 INFO workflows: Process started for 50 items.
2020-11-09T21:42:26+00:00 INFO workflows: Process started for 50 items.
2020-11-09T21:42:26+00:00 INFO workflows: Process started for 50 items.
2020-11-09T21:42:27+00:00 INFO workflows: Process started for 50 items.
2020-11-09T21:42:27+00:00 INFO workflows: Process started for 50 items.
2020-11-09T21:42:27+00:00 INFO workflows: Process started for 50 items.
2020-11-09T21:42:27+00:00 INFO workflows: Process started for 45 items.
2020-11-09T21:42:27+00:00 INFO workflows: Process started for 50 items.
2020-11-09T21:42:28+00:00 INFO workflows: Process started for 50 items.
2020-11-09T21:42:28+00:00 INFO workflows: Process started for 50 items.
2020-11-09T21:42:28+00:00 INFO workflows: Process started for 50 items.
2020-11-09T21:47:55+00:00 INFO workflows: Process completed.
