2020-11-08T00:00:51+00:00 INFO queue: Process started for 2 items.
2020-11-08T00:00:53+00:00 INFO queue: Process completed.
2020-11-08T02:25:11+00:00 INFO queue: Process started for 5 items.
2020-11-08T02:25:19+00:00 INFO queue: Process completed.
2020-11-08T07:09:11+00:00 INFO queue: Process started for 1 items.
2020-11-08T07:09:17+00:00 INFO queue: Process completed.
2020-11-08T09:46:59+00:00 INFO events: Process started for 2 items.
2020-11-08T09:47:04+00:00 INFO events: Process completed.
2020-11-08T14:03:17+00:00 INFO queue: Process started for 3 items.
2020-11-08T14:03:21+00:00 INFO events: Process started for 2 items.
2020-11-08T14:03:22+00:00 INFO events: Process completed.
2020-11-08T14:03:27+00:00 INFO queue: Process completed.
2020-11-08T15:32:32+00:00 INFO events: Process started for 2 items.
2020-11-08T15:32:33+00:00 INFO events: Process completed.
2020-11-08T15:32:35+00:00 INFO queue: Process started for 3 items.
2020-11-08T15:32:40+00:00 INFO queue: Process completed.
2020-11-08T16:31:23+00:00 INFO events: Process started for 2 items.
2020-11-08T16:31:24+00:00 INFO events: Process completed.
2020-11-08T16:44:21+00:00 INFO queue: Process started for 2 items.
2020-11-08T16:44:25+00:00 INFO queue: Process completed.
2020-11-08T18:47:57+00:00 INFO queue: Process started for 5 items.
2020-11-08T18:48:03+00:00 INFO queue: Process completed.
2020-11-08T20:23:25+00:00 INFO events: Process started for 3 items.
2020-11-08T20:23:26+00:00 INFO queue: Process started for 2 items.
2020-11-08T20:23:27+00:00 INFO events: Process completed.
2020-11-08T20:23:29+00:00 INFO workflows: Process started for 50 items.
2020-11-08T20:23:29+00:00 INFO queue: Process completed.
2020-11-08T20:23:30+00:00 INFO workflows: Process started for 50 items.
2020-11-08T20:23:32+00:00 INFO workflows: Process started for 50 items.
2020-11-08T20:23:33+00:00 INFO workflows: Process started for 50 items.
2020-11-08T20:23:34+00:00 INFO workflows: Process started for 50 items.
2020-11-08T20:23:35+00:00 INFO workflows: Process started for 50 items.
2020-11-08T20:23:36+00:00 INFO workflows: Process started for 50 items.
2020-11-08T20:23:37+00:00 INFO workflows: Process started for 50 items.
2020-11-08T20:23:38+00:00 INFO workflows: Process started for 50 items.
2020-11-08T20:23:39+00:00 INFO workflows: Process started for 50 items.
2020-11-08T20:23:40+00:00 INFO workflows: Process started for 50 items.
2020-11-08T20:23:41+00:00 INFO workflows: Process started for 50 items.
2020-11-08T20:23:42+00:00 INFO workflows: Process started for 50 items.
2020-11-08T20:23:43+00:00 INFO workflows: Process started for 50 items.
2020-11-08T20:23:43+00:00 INFO workflows: Process started for 50 items.
2020-11-08T20:23:45+00:00 INFO workflows: Process started for 50 items.
2020-11-08T20:23:46+00:00 INFO workflows: Process started for 50 items.
2020-11-08T20:23:47+00:00 INFO workflows: Process started for 50 items.
2020-11-08T20:23:48+00:00 INFO workflows: Process started for 50 items.
2020-11-08T20:23:49+00:00 INFO workflows: Process started for 50 items.
2020-11-08T20:23:50+00:00 INFO workflows: Process started for 50 items.
2020-11-08T20:23:50+00:00 INFO workflows: Process started for 50 items.
2020-11-08T20:23:51+00:00 INFO workflows: Process started for 50 items.
2020-11-08T20:23:52+00:00 INFO workflows: Process started for 50 items.
2020-11-08T20:23:53+00:00 INFO workflows: Process started for 50 items.
2020-11-08T20:23:54+00:00 INFO workflows: Process started for 50 items.
2020-11-08T20:23:55+00:00 INFO workflows: Process started for 50 items.
2020-11-08T20:23:56+00:00 INFO workflows: Process started for 50 items.
2020-11-08T20:23:56+00:00 INFO workflows: Process started for 50 items.
2020-11-08T20:23:57+00:00 INFO workflows: Process started for 50 items.
2020-11-08T20:23:58+00:00 INFO workflows: Process started for 50 items.
2020-11-08T20:23:59+00:00 INFO workflows: Process started for 50 items.
2020-11-08T20:24:00+00:00 INFO workflows: Process started for 50 items.
2020-11-08T20:24:01+00:00 INFO workflows: Process started for 50 items.
2020-11-08T20:24:02+00:00 INFO workflows: Process started for 50 items.
2020-11-08T20:24:03+00:00 INFO workflows: Process started for 50 items.
2020-11-08T20:24:04+00:00 INFO workflows: Process started for 50 items.
2020-11-08T20:24:05+00:00 INFO workflows: Process started for 50 items.
2020-11-08T20:24:06+00:00 INFO workflows: Process started for 50 items.
2020-11-08T20:24:07+00:00 INFO workflows: Process started for 50 items.
2020-11-08T20:24:07+00:00 INFO workflows: Process started for 50 items.
2020-11-08T20:24:08+00:00 INFO workflows: Process started for 50 items.
2020-11-08T20:24:09+00:00 INFO workflows: Process started for 50 items.
2020-11-08T20:24:10+00:00 INFO workflows: Process started for 50 items.
2020-11-08T20:24:11+00:00 INFO workflows: Process started for 50 items.
2020-11-08T20:24:12+00:00 INFO workflows: Process started for 50 items.
2020-11-08T20:24:13+00:00 INFO workflows: Process started for 50 items.
2020-11-08T20:24:14+00:00 INFO workflows: Process started for 50 items.
2020-11-08T20:24:15+00:00 INFO workflows: Process started for 50 items.
2020-11-08T20:24:16+00:00 INFO workflows: Process started for 50 items.
2020-11-08T20:24:17+00:00 INFO workflows: Process started for 50 items.
2020-11-08T20:24:18+00:00 INFO workflows: Process started for 50 items.
2020-11-08T20:24:19+00:00 INFO workflows: Process started for 50 items.
2020-11-08T20:24:20+00:00 INFO workflows: Process started for 50 items.
2020-11-08T20:24:20+00:00 INFO workflows: Process started for 50 items.
2020-11-08T20:24:22+00:00 INFO workflows: Process started for 50 items.
2020-11-08T20:24:23+00:00 INFO workflows: Process started for 50 items.
2020-11-08T20:24:24+00:00 INFO workflows: Process started for 50 items.
2020-11-08T20:24:25+00:00 INFO workflows: Process started for 50 items.
2020-11-08T20:24:27+00:00 INFO workflows: Process started for 50 items.
2020-11-08T20:24:28+00:00 INFO workflows: Process started for 50 items.
2020-11-08T20:24:29+00:00 INFO workflows: Process started for 50 items.
2020-11-08T20:24:29+00:00 INFO workflows: Process started for 50 items.
2020-11-08T20:24:30+00:00 INFO workflows: Process started for 50 items.
2020-11-08T20:24:31+00:00 INFO workflows: Process started for 37 items.
2020-11-08T20:29:33+00:00 INFO workflows: Process completed.
2020-11-08T22:16:20+00:00 INFO queue: Process started for 2 items.
2020-11-08T22:16:24+00:00 INFO queue: Process completed.
